\BOOKMARK [1][-]{section.1}{Abstract}{}% 1
\BOOKMARK [1][-]{section.2}{Introduction}{}% 2
\BOOKMARK [2][-]{subsection.2.1}{Example}{section.2}% 3
\BOOKMARK [1][-]{section.3}{Zero-Knowledge proofs}{}% 4
\BOOKMARK [2][-]{subsection.3.1}{Interactive Proof Systems}{section.3}% 5
\BOOKMARK [3][-]{subsubsection.3.1.1}{Completeness}{subsection.3.1}% 6
\BOOKMARK [3][-]{subsubsection.3.1.2}{Soundness}{subsection.3.1}% 7
\BOOKMARK [3][-]{subsubsection.3.1.3}{ Interactive Polynomial Time Complexity}{subsection.3.1}% 8
\BOOKMARK [3][-]{subsubsection.3.1.4}{Other Variants of Interactive Proof Sytems}{subsection.3.1}% 9
\BOOKMARK [2][-]{subsection.3.2}{Interactive Zero-Knowledge Proofs}{section.3}% 10
\BOOKMARK [3][-]{subsubsection.3.2.1}{Indistinguishability of Random Variables}{subsection.3.2}% 11
\BOOKMARK [3][-]{subsubsection.3.2.2}{Approximability of Random Variables}{subsection.3.2}% 12
\BOOKMARK [3][-]{subsubsection.3.2.3}{Definition of Zero-Knowledge}{subsection.3.2}% 13
\BOOKMARK [1][-]{section.4}{Languages with Zero-Knowledge Interactive Proof Systems}{}% 14
\BOOKMARK [2][-]{subsection.4.1}{Quadratic residuosity problem}{section.4}% 15
\BOOKMARK [2][-]{subsection.4.2}{Computational Complexity Classes}{section.4}% 16
\BOOKMARK [3][-]{subsubsection.4.2.1}{Bounded-Error Probabilistic Polynomial Time Languages }{subsection.4.2}% 17
\BOOKMARK [3][-]{subsubsection.4.2.2}{Non-deterministic Polynomial Time}{subsection.4.2}% 18
\BOOKMARK [1][-]{section.5}{Authentication}{}% 19
\BOOKMARK [2][-]{subsection.5.1}{The NITS Model for Digital Identity}{section.5}% 20
\BOOKMARK [2][-]{subsection.5.2}{Authentication Factors}{section.5}% 21
\BOOKMARK [2][-]{subsection.5.3}{Password based Authentication}{section.5}% 22
\BOOKMARK [3][-]{subsubsection.5.3.1}{Security}{subsection.5.3}% 23
\BOOKMARK [1][-]{section.6}{Extensible Authentication Protocol}{}% 24
\BOOKMARK [2][-]{subsection.6.1}{Overview}{section.6}% 25
\BOOKMARK [2][-]{subsection.6.2}{Messages}{section.6}% 26
\BOOKMARK [2][-]{subsection.6.3}{Request Types}{section.6}% 27
\BOOKMARK [3][-]{subsubsection.6.3.1}{Identity}{subsection.6.3}% 28
\BOOKMARK [3][-]{subsubsection.6.3.2}{Notification}{subsection.6.3}% 29
\BOOKMARK [3][-]{subsubsection.6.3.3}{Nak}{subsection.6.3}% 30
\BOOKMARK [3][-]{subsubsection.6.3.4}{Expanded Type}{subsection.6.3}% 31
\BOOKMARK [3][-]{subsubsection.6.3.5}{Authentication Methods}{subsection.6.3}% 32
\BOOKMARK [2][-]{subsection.6.4}{Pass-Through Behaviour}{section.6}% 33
\BOOKMARK [2][-]{subsection.6.5}{IEEE 802.1x}{section.6}% 34
\BOOKMARK [1][-]{section.7}{Password-based Authentication using Zero-Knowledge Proof of Quadratic Residues}{}% 35
\BOOKMARK [2][-]{subsection.7.1}{Protocol}{section.7}% 36
\BOOKMARK [2][-]{subsection.7.2}{Security}{section.7}% 37
\BOOKMARK [3][-]{subsubsection.7.2.1}{Offline Attacks}{subsection.7.2}% 38
\BOOKMARK [3][-]{subsubsection.7.2.2}{?? Client-Side Key Derivation}{subsection.7.2}% 39
\BOOKMARK [2][-]{subsection.7.3}{Protocol}{section.7}% 40
\BOOKMARK [3][-]{subsubsection.7.3.1}{Security}{subsection.7.3}% 41
\BOOKMARK [1][-]{section.8}{PBA Using ZKPQR Implemented as an EAP Method}{}% 42
